<html>
<head>
<title>TestNG:  Command line test</title>
<link href="../testng.css" rel="stylesheet" type="text/css" />
<link href="../my-testng.css" rel="stylesheet" type="text/css" />

<style type="text/css">
.log { display: none;} 
.stack-trace { display: none;} 
</style>
<script type="text/javascript">
<!--
function flip(e) {
  current = e.style.display;
  if (current == 'block') {
    e.style.display = 'none';
    return 0;
  }
  else {
    e.style.display = 'block';
    return 1;
  }
}

function toggleBox(szDivId, elem, msg1, msg2)
{
  var res = -1;  if (document.getElementById) {
    res = flip(document.getElementById(szDivId));
  }
  else if (document.all) {
    // this is the way old msie versions work
    res = flip(document.all[szDivId]);
  }
  if(elem) {
    if(res == 0) elem.innerHTML = msg1; else elem.innerHTML = msg2;
  }

}

function toggleAllBoxes() {
  if (document.getElementsByTagName) {
    d = document.getElementsByTagName('div');
    for (i = 0; i < d.length; i++) {
      if (d[i].className == 'log') {
        flip(d[i]);
      }
    }
  }
}

// -->
</script>

</head>
<body>
<h2 align='center'>Command line test</h2><table border='1' align="center">
<tr>
<td>Tests passed/Failed/Skipped:</td><td>0/0/7</td>
</tr><tr>
<td>Started on:</td><td>Thu Apr 04 00:01:37 IST 2019</td>
</tr>
<tr><td>Total time:</td><td>0 seconds (44 ms)</td>
</tr><tr>
<td>Included groups:</td><td></td>
</tr><tr>
<td>Excluded groups:</td><td></td>
</tr>
</table><p/>
<small><i>(Hover the method name to see the test class name)</i></small><p/>
<table width='100%' border='1' class='invocation-failed'>
<tr><td colspan='4' align='center'><b>FAILED CONFIGURATIONS</b></td></tr>
<tr><td><b>Test method</b></td>
<td width="30%"><b>Exception</b></td>
<td width="10%"><b>Time (seconds)</b></td>
<td><b>Instance</b></td>
</tr>
<tr>
<td title='testScript.NewTest_ExtentReportV3.beforeTest()'><b>beforeTest</b><br>Test class: testScript.NewTest_ExtentReportV3</td>
<td><div><pre>org.testng.TestNGException: 
Parameter &apos;browser&apos; is required by @Configuration on method beforeTest but has not been marked @Optional or defined

	at testScript.TestRunner.main(TestRunner.java:13)
... Removed 16 stack frames</pre></div><a href='#' onClick='toggleBox("stack-trace679890578", this, "Click to show all stack frames", "Click to hide stack frames")'>Click to show all stack frames</a>
<div class='stack-trace' id='stack-trace679890578'><pre>org.testng.TestNGException: 
Parameter &apos;browser&apos; is required by @Configuration on method beforeTest but has not been marked @Optional or defined

	at org.testng.internal.Parameters.createParameters(Parameters.java:148)
	at org.testng.internal.Parameters.createParameters(Parameters.java:361)
	at org.testng.internal.Parameters.createConfigurationParameters(Parameters.java:84)
	at org.testng.internal.Invoker.invokeConfigurations(Invoker.java:197)
	at org.testng.internal.Invoker.invokeConfigurations(Invoker.java:138)
	at org.testng.TestRunner.beforeRun(TestRunner.java:647)
	at org.testng.TestRunner.run(TestRunner.java:615)
	at org.testng.SuiteRunner.runTest(SuiteRunner.java:357)
	at org.testng.SuiteRunner.runSequentially(SuiteRunner.java:352)
	at org.testng.SuiteRunner.privateRun(SuiteRunner.java:310)
	at org.testng.SuiteRunner.run(SuiteRunner.java:259)
	at org.testng.SuiteRunnerWorker.runSuite(SuiteRunnerWorker.java:52)
	at org.testng.SuiteRunnerWorker.run(SuiteRunnerWorker.java:86)
	at org.testng.TestNG.runSuitesSequentially(TestNG.java:1185)
	at org.testng.TestNG.runSuitesLocally(TestNG.java:1110)
	at org.testng.TestNG.run(TestNG.java:1018)
	at testScript.TestRunner.main(TestRunner.java:13)
</pre></div></td>
<td>0</td>
<td>null</td></tr>
<tr>
<td title='testScript.NewTest_ExtentReportV3.getResult()'><b>getResult</b><br>Test class: testScript.NewTest_ExtentReportV3<br>Parameters: [TestResult name=TestToPass status=SKIP method=NewTest_ExtentReportV3.TestToPass()[pri:0, instance:testScript.NewTest_ExtentReportV3@5d3411d] output={null}]</td>
<td><div><pre>java.lang.NullPointerException
	at testScript.NewTest_ExtentReportV3.getResult(NewTest_ExtentReportV3.java:492)
	at testScript.TestRunner.main(TestRunner.java:13)
... Removed 23 stack frames</pre></div><a href='#' onClick='toggleBox("stack-trace885951223", this, "Click to show all stack frames", "Click to hide stack frames")'>Click to show all stack frames</a>
<div class='stack-trace' id='stack-trace885951223'><pre>java.lang.NullPointerException
	at testScript.NewTest_ExtentReportV3.getResult(NewTest_ExtentReportV3.java:492)
	at sun.reflect.NativeMethodAccessorImpl.invoke0(Native Method)
	at sun.reflect.NativeMethodAccessorImpl.invoke(NativeMethodAccessorImpl.java:62)
	at sun.reflect.DelegatingMethodAccessorImpl.invoke(DelegatingMethodAccessorImpl.java:43)
	at java.lang.reflect.Method.invoke(Method.java:498)
	at org.testng.internal.MethodInvocationHelper.invokeMethod(MethodInvocationHelper.java:85)
	at org.testng.internal.Invoker.invokeConfigurationMethod(Invoker.java:510)
	at org.testng.internal.Invoker.invokeConfigurations(Invoker.java:211)
	at org.testng.internal.Invoker.invokeMethod(Invoker.java:708)
	at org.testng.internal.Invoker.invokeTestMethod(Invoker.java:821)
	at org.testng.internal.Invoker.invokeTestMethods(Invoker.java:1131)
	at org.testng.internal.TestMethodWorker.invokeTestMethods(TestMethodWorker.java:124)
	at org.testng.internal.TestMethodWorker.run(TestMethodWorker.java:108)
	at org.testng.TestRunner.privateRun(TestRunner.java:773)
	at org.testng.TestRunner.run(TestRunner.java:623)
	at org.testng.SuiteRunner.runTest(SuiteRunner.java:357)
	at org.testng.SuiteRunner.runSequentially(SuiteRunner.java:352)
	at org.testng.SuiteRunner.privateRun(SuiteRunner.java:310)
	at org.testng.SuiteRunner.run(SuiteRunner.java:259)
	at org.testng.SuiteRunnerWorker.runSuite(SuiteRunnerWorker.java:52)
	at org.testng.SuiteRunnerWorker.run(SuiteRunnerWorker.java:86)
	at org.testng.TestNG.runSuitesSequentially(TestNG.java:1185)
	at org.testng.TestNG.runSuitesLocally(TestNG.java:1110)
	at org.testng.TestNG.run(TestNG.java:1018)
	at testScript.TestRunner.main(TestRunner.java:13)
</pre></div></td>
<td>0</td>
<td>testScript.NewTest_ExtentReportV3@5d3411d</td></tr>
<tr>
<td title='testScript.NewTest_ExtentReportV3.getResult()'><b>getResult</b><br>Test class: testScript.NewTest_ExtentReportV3<br>Parameters: [TestResult name=TestToFail status=SKIP method=NewTest_ExtentReportV3.TestToFail()[pri:0, instance:testScript.NewTest_ExtentReportV3@5d3411d] output={null}]</td>
<td><div><pre>java.lang.NullPointerException
	at testScript.NewTest_ExtentReportV3.getResult(NewTest_ExtentReportV3.java:492)
	at testScript.TestRunner.main(TestRunner.java:13)
... Removed 23 stack frames</pre></div><a href='#' onClick='toggleBox("stack-trace142666848", this, "Click to show all stack frames", "Click to hide stack frames")'>Click to show all stack frames</a>
<div class='stack-trace' id='stack-trace142666848'><pre>java.lang.NullPointerException
	at testScript.NewTest_ExtentReportV3.getResult(NewTest_ExtentReportV3.java:492)
	at sun.reflect.NativeMethodAccessorImpl.invoke0(Native Method)
	at sun.reflect.NativeMethodAccessorImpl.invoke(NativeMethodAccessorImpl.java:62)
	at sun.reflect.DelegatingMethodAccessorImpl.invoke(DelegatingMethodAccessorImpl.java:43)
	at java.lang.reflect.Method.invoke(Method.java:498)
	at org.testng.internal.MethodInvocationHelper.invokeMethod(MethodInvocationHelper.java:85)
	at org.testng.internal.Invoker.invokeConfigurationMethod(Invoker.java:510)
	at org.testng.internal.Invoker.invokeConfigurations(Invoker.java:211)
	at org.testng.internal.Invoker.invokeMethod(Invoker.java:708)
	at org.testng.internal.Invoker.invokeTestMethod(Invoker.java:821)
	at org.testng.internal.Invoker.invokeTestMethods(Invoker.java:1131)
	at org.testng.internal.TestMethodWorker.invokeTestMethods(TestMethodWorker.java:124)
	at org.testng.internal.TestMethodWorker.run(TestMethodWorker.java:108)
	at org.testng.TestRunner.privateRun(TestRunner.java:773)
	at org.testng.TestRunner.run(TestRunner.java:623)
	at org.testng.SuiteRunner.runTest(SuiteRunner.java:357)
	at org.testng.SuiteRunner.runSequentially(SuiteRunner.java:352)
	at org.testng.SuiteRunner.privateRun(SuiteRunner.java:310)
	at org.testng.SuiteRunner.run(SuiteRunner.java:259)
	at org.testng.SuiteRunnerWorker.runSuite(SuiteRunnerWorker.java:52)
	at org.testng.SuiteRunnerWorker.run(SuiteRunnerWorker.java:86)
	at org.testng.TestNG.runSuitesSequentially(TestNG.java:1185)
	at org.testng.TestNG.runSuitesLocally(TestNG.java:1110)
	at org.testng.TestNG.run(TestNG.java:1018)
	at testScript.TestRunner.main(TestRunner.java:13)
</pre></div></td>
<td>0</td>
<td>testScript.NewTest_ExtentReportV3@5d3411d</td></tr>
<tr>
<td title='testScript.NewTest_ExtentReportV3.getResult()'><b>getResult</b><br>Test class: testScript.NewTest_ExtentReportV3<br>Parameters: [TestResult name=TestToSkip status=SKIP method=NewTest_ExtentReportV3.TestToSkip()[pri:0, instance:testScript.NewTest_ExtentReportV3@5d3411d] output={null}]</td>
<td><div><pre>java.lang.NullPointerException
	at testScript.NewTest_ExtentReportV3.getResult(NewTest_ExtentReportV3.java:492)
	at testScript.TestRunner.main(TestRunner.java:13)
... Removed 23 stack frames</pre></div><a href='#' onClick='toggleBox("stack-trace2137211482", this, "Click to show all stack frames", "Click to hide stack frames")'>Click to show all stack frames</a>
<div class='stack-trace' id='stack-trace2137211482'><pre>java.lang.NullPointerException
	at testScript.NewTest_ExtentReportV3.getResult(NewTest_ExtentReportV3.java:492)
	at sun.reflect.NativeMethodAccessorImpl.invoke0(Native Method)
	at sun.reflect.NativeMethodAccessorImpl.invoke(NativeMethodAccessorImpl.java:62)
	at sun.reflect.DelegatingMethodAccessorImpl.invoke(DelegatingMethodAccessorImpl.java:43)
	at java.lang.reflect.Method.invoke(Method.java:498)
	at org.testng.internal.MethodInvocationHelper.invokeMethod(MethodInvocationHelper.java:85)
	at org.testng.internal.Invoker.invokeConfigurationMethod(Invoker.java:510)
	at org.testng.internal.Invoker.invokeConfigurations(Invoker.java:211)
	at org.testng.internal.Invoker.invokeMethod(Invoker.java:708)
	at org.testng.internal.Invoker.invokeTestMethod(Invoker.java:821)
	at org.testng.internal.Invoker.invokeTestMethods(Invoker.java:1131)
	at org.testng.internal.TestMethodWorker.invokeTestMethods(TestMethodWorker.java:124)
	at org.testng.internal.TestMethodWorker.run(TestMethodWorker.java:108)
	at org.testng.TestRunner.privateRun(TestRunner.java:773)
	at org.testng.TestRunner.run(TestRunner.java:623)
	at org.testng.SuiteRunner.runTest(SuiteRunner.java:357)
	at org.testng.SuiteRunner.runSequentially(SuiteRunner.java:352)
	at org.testng.SuiteRunner.privateRun(SuiteRunner.java:310)
	at org.testng.SuiteRunner.run(SuiteRunner.java:259)
	at org.testng.SuiteRunnerWorker.runSuite(SuiteRunnerWorker.java:52)
	at org.testng.SuiteRunnerWorker.run(SuiteRunnerWorker.java:86)
	at org.testng.TestNG.runSuitesSequentially(TestNG.java:1185)
	at org.testng.TestNG.runSuitesLocally(TestNG.java:1110)
	at org.testng.TestNG.run(TestNG.java:1018)
	at testScript.TestRunner.main(TestRunner.java:13)
</pre></div></td>
<td>0</td>
<td>testScript.NewTest_ExtentReportV3@5d3411d</td></tr>
<tr>
<td title='testScript.NewTest_ExtentReportV3.getResult()'><b>getResult</b><br>Test class: testScript.NewTest_ExtentReportV3<br>Parameters: [TestResult name=testEasy status=SKIP method=NewTest_ExtentReportV3.testEasy()[pri:0, instance:testScript.NewTest_ExtentReportV3@5d3411d] output={null}]</td>
<td><div><pre>java.lang.NullPointerException
	at testScript.NewTest_ExtentReportV3.getResult(NewTest_ExtentReportV3.java:492)
	at testScript.TestRunner.main(TestRunner.java:13)
... Removed 23 stack frames</pre></div><a href='#' onClick='toggleBox("stack-trace968514068", this, "Click to show all stack frames", "Click to hide stack frames")'>Click to show all stack frames</a>
<div class='stack-trace' id='stack-trace968514068'><pre>java.lang.NullPointerException
	at testScript.NewTest_ExtentReportV3.getResult(NewTest_ExtentReportV3.java:492)
	at sun.reflect.NativeMethodAccessorImpl.invoke0(Native Method)
	at sun.reflect.NativeMethodAccessorImpl.invoke(NativeMethodAccessorImpl.java:62)
	at sun.reflect.DelegatingMethodAccessorImpl.invoke(DelegatingMethodAccessorImpl.java:43)
	at java.lang.reflect.Method.invoke(Method.java:498)
	at org.testng.internal.MethodInvocationHelper.invokeMethod(MethodInvocationHelper.java:85)
	at org.testng.internal.Invoker.invokeConfigurationMethod(Invoker.java:510)
	at org.testng.internal.Invoker.invokeConfigurations(Invoker.java:211)
	at org.testng.internal.Invoker.invokeMethod(Invoker.java:708)
	at org.testng.internal.Invoker.invokeTestMethod(Invoker.java:821)
	at org.testng.internal.Invoker.invokeTestMethods(Invoker.java:1131)
	at org.testng.internal.TestMethodWorker.invokeTestMethods(TestMethodWorker.java:124)
	at org.testng.internal.TestMethodWorker.run(TestMethodWorker.java:108)
	at org.testng.TestRunner.privateRun(TestRunner.java:773)
	at org.testng.TestRunner.run(TestRunner.java:623)
	at org.testng.SuiteRunner.runTest(SuiteRunner.java:357)
	at org.testng.SuiteRunner.runSequentially(SuiteRunner.java:352)
	at org.testng.SuiteRunner.privateRun(SuiteRunner.java:310)
	at org.testng.SuiteRunner.run(SuiteRunner.java:259)
	at org.testng.SuiteRunnerWorker.runSuite(SuiteRunnerWorker.java:52)
	at org.testng.SuiteRunnerWorker.run(SuiteRunnerWorker.java:86)
	at org.testng.TestNG.runSuitesSequentially(TestNG.java:1185)
	at org.testng.TestNG.runSuitesLocally(TestNG.java:1110)
	at org.testng.TestNG.run(TestNG.java:1018)
	at testScript.TestRunner.main(TestRunner.java:13)
</pre></div></td>
<td>0</td>
<td>testScript.NewTest_ExtentReportV3@5d3411d</td></tr>
<tr>
<td title='testScript.NewTest_ExtentReportV3.getResult()'><b>getResult</b><br>Test class: testScript.NewTest_ExtentReportV3<br>Parameters: [TestResult name=captureScreenshot status=SKIP method=NewTest_ExtentReportV3.captureScreenshot()[pri:0, instance:testScript.NewTest_ExtentReportV3@5d3411d] output={null}]</td>
<td><div><pre>java.lang.NullPointerException
	at testScript.NewTest_ExtentReportV3.getResult(NewTest_ExtentReportV3.java:492)
	at testScript.TestRunner.main(TestRunner.java:13)
... Removed 23 stack frames</pre></div><a href='#' onClick='toggleBox("stack-trace873415566", this, "Click to show all stack frames", "Click to hide stack frames")'>Click to show all stack frames</a>
<div class='stack-trace' id='stack-trace873415566'><pre>java.lang.NullPointerException
	at testScript.NewTest_ExtentReportV3.getResult(NewTest_ExtentReportV3.java:492)
	at sun.reflect.NativeMethodAccessorImpl.invoke0(Native Method)
	at sun.reflect.NativeMethodAccessorImpl.invoke(NativeMethodAccessorImpl.java:62)
	at sun.reflect.DelegatingMethodAccessorImpl.invoke(DelegatingMethodAccessorImpl.java:43)
	at java.lang.reflect.Method.invoke(Method.java:498)
	at org.testng.internal.MethodInvocationHelper.invokeMethod(MethodInvocationHelper.java:85)
	at org.testng.internal.Invoker.invokeConfigurationMethod(Invoker.java:510)
	at org.testng.internal.Invoker.invokeConfigurations(Invoker.java:211)
	at org.testng.internal.Invoker.invokeMethod(Invoker.java:708)
	at org.testng.internal.Invoker.invokeTestMethod(Invoker.java:821)
	at org.testng.internal.Invoker.invokeTestMethods(Invoker.java:1131)
	at org.testng.internal.TestMethodWorker.invokeTestMethods(TestMethodWorker.java:124)
	at org.testng.internal.TestMethodWorker.run(TestMethodWorker.java:108)
	at org.testng.TestRunner.privateRun(TestRunner.java:773)
	at org.testng.TestRunner.run(TestRunner.java:623)
	at org.testng.SuiteRunner.runTest(SuiteRunner.java:357)
	at org.testng.SuiteRunner.runSequentially(SuiteRunner.java:352)
	at org.testng.SuiteRunner.privateRun(SuiteRunner.java:310)
	at org.testng.SuiteRunner.run(SuiteRunner.java:259)
	at org.testng.SuiteRunnerWorker.runSuite(SuiteRunnerWorker.java:52)
	at org.testng.SuiteRunnerWorker.run(SuiteRunnerWorker.java:86)
	at org.testng.TestNG.runSuitesSequentially(TestNG.java:1185)
	at org.testng.TestNG.runSuitesLocally(TestNG.java:1110)
	at org.testng.TestNG.run(TestNG.java:1018)
	at testScript.TestRunner.main(TestRunner.java:13)
</pre></div></td>
<td>0</td>
<td>testScript.NewTest_ExtentReportV3@5d3411d</td></tr>
<tr>
<td title='testScript.NewTest_ExtentReportV3.getResult()'><b>getResult</b><br>Test class: testScript.NewTest_ExtentReportV3<br>Parameters: [TestResult name=brokenLinks status=SKIP method=NewTest_ExtentReportV3.brokenLinks()[pri:0, instance:testScript.NewTest_ExtentReportV3@5d3411d] output={null}]</td>
<td><div><pre>java.lang.NullPointerException
	at testScript.NewTest_ExtentReportV3.getResult(NewTest_ExtentReportV3.java:492)
	at testScript.TestRunner.main(TestRunner.java:13)
... Removed 23 stack frames</pre></div><a href='#' onClick='toggleBox("stack-trace1531333864", this, "Click to show all stack frames", "Click to hide stack frames")'>Click to show all stack frames</a>
<div class='stack-trace' id='stack-trace1531333864'><pre>java.lang.NullPointerException
	at testScript.NewTest_ExtentReportV3.getResult(NewTest_ExtentReportV3.java:492)
	at sun.reflect.NativeMethodAccessorImpl.invoke0(Native Method)
	at sun.reflect.NativeMethodAccessorImpl.invoke(NativeMethodAccessorImpl.java:62)
	at sun.reflect.DelegatingMethodAccessorImpl.invoke(DelegatingMethodAccessorImpl.java:43)
	at java.lang.reflect.Method.invoke(Method.java:498)
	at org.testng.internal.MethodInvocationHelper.invokeMethod(MethodInvocationHelper.java:85)
	at org.testng.internal.Invoker.invokeConfigurationMethod(Invoker.java:510)
	at org.testng.internal.Invoker.invokeConfigurations(Invoker.java:211)
	at org.testng.internal.Invoker.invokeMethod(Invoker.java:708)
	at org.testng.internal.Invoker.invokeTestMethod(Invoker.java:821)
	at org.testng.internal.Invoker.invokeTestMethods(Invoker.java:1131)
	at org.testng.internal.TestMethodWorker.invokeTestMethods(TestMethodWorker.java:124)
	at org.testng.internal.TestMethodWorker.run(TestMethodWorker.java:108)
	at org.testng.TestRunner.privateRun(TestRunner.java:773)
	at org.testng.TestRunner.run(TestRunner.java:623)
	at org.testng.SuiteRunner.runTest(SuiteRunner.java:357)
	at org.testng.SuiteRunner.runSequentially(SuiteRunner.java:352)
	at org.testng.SuiteRunner.privateRun(SuiteRunner.java:310)
	at org.testng.SuiteRunner.run(SuiteRunner.java:259)
	at org.testng.SuiteRunnerWorker.runSuite(SuiteRunnerWorker.java:52)
	at org.testng.SuiteRunnerWorker.run(SuiteRunnerWorker.java:86)
	at org.testng.TestNG.runSuitesSequentially(TestNG.java:1185)
	at org.testng.TestNG.runSuitesLocally(TestNG.java:1110)
	at org.testng.TestNG.run(TestNG.java:1018)
	at testScript.TestRunner.main(TestRunner.java:13)
</pre></div></td>
<td>0</td>
<td>testScript.NewTest_ExtentReportV3@5d3411d</td></tr>
<tr>
<td title='testScript.NewTest_ExtentReportV3.getResult()'><b>getResult</b><br>Test class: testScript.NewTest_ExtentReportV3<br>Parameters: [TestResult name=ListFilesUtilOperation status=SKIP method=NewTest_ExtentReportV3.ListFilesUtilOperation()[pri:0, instance:testScript.NewTest_ExtentReportV3@5d3411d] output={null}]</td>
<td><div><pre>java.lang.NullPointerException
	at testScript.NewTest_ExtentReportV3.getResult(NewTest_ExtentReportV3.java:492)
	at testScript.TestRunner.main(TestRunner.java:13)
... Removed 23 stack frames</pre></div><a href='#' onClick='toggleBox("stack-trace434091818", this, "Click to show all stack frames", "Click to hide stack frames")'>Click to show all stack frames</a>
<div class='stack-trace' id='stack-trace434091818'><pre>java.lang.NullPointerException
	at testScript.NewTest_ExtentReportV3.getResult(NewTest_ExtentReportV3.java:492)
	at sun.reflect.NativeMethodAccessorImpl.invoke0(Native Method)
	at sun.reflect.NativeMethodAccessorImpl.invoke(NativeMethodAccessorImpl.java:62)
	at sun.reflect.DelegatingMethodAccessorImpl.invoke(DelegatingMethodAccessorImpl.java:43)
	at java.lang.reflect.Method.invoke(Method.java:498)
	at org.testng.internal.MethodInvocationHelper.invokeMethod(MethodInvocationHelper.java:85)
	at org.testng.internal.Invoker.invokeConfigurationMethod(Invoker.java:510)
	at org.testng.internal.Invoker.invokeConfigurations(Invoker.java:211)
	at org.testng.internal.Invoker.invokeMethod(Invoker.java:708)
	at org.testng.internal.Invoker.invokeTestMethod(Invoker.java:821)
	at org.testng.internal.Invoker.invokeTestMethods(Invoker.java:1131)
	at org.testng.internal.TestMethodWorker.invokeTestMethods(TestMethodWorker.java:124)
	at org.testng.internal.TestMethodWorker.run(TestMethodWorker.java:108)
	at org.testng.TestRunner.privateRun(TestRunner.java:773)
	at org.testng.TestRunner.run(TestRunner.java:623)
	at org.testng.SuiteRunner.runTest(SuiteRunner.java:357)
	at org.testng.SuiteRunner.runSequentially(SuiteRunner.java:352)
	at org.testng.SuiteRunner.privateRun(SuiteRunner.java:310)
	at org.testng.SuiteRunner.run(SuiteRunner.java:259)
	at org.testng.SuiteRunnerWorker.runSuite(SuiteRunnerWorker.java:52)
	at org.testng.SuiteRunnerWorker.run(SuiteRunnerWorker.java:86)
	at org.testng.TestNG.runSuitesSequentially(TestNG.java:1185)
	at org.testng.TestNG.runSuitesLocally(TestNG.java:1110)
	at org.testng.TestNG.run(TestNG.java:1018)
	at testScript.TestRunner.main(TestRunner.java:13)
</pre></div></td>
<td>0</td>
<td>testScript.NewTest_ExtentReportV3@5d3411d</td></tr>
<tr>
<td title='testScript.NewTest_ExtentReportV3.tearDown()'><b>tearDown</b><br>Test class: testScript.NewTest_ExtentReportV3</td>
<td><div><pre>java.lang.NullPointerException
	at testScript.NewTest_ExtentReportV3.tearDown(NewTest_ExtentReportV3.java:527)
	at testScript.TestRunner.main(TestRunner.java:13)
... Removed 19 stack frames</pre></div><a href='#' onClick='toggleBox("stack-trace2047526627", this, "Click to show all stack frames", "Click to hide stack frames")'>Click to show all stack frames</a>
<div class='stack-trace' id='stack-trace2047526627'><pre>java.lang.NullPointerException
	at testScript.NewTest_ExtentReportV3.tearDown(NewTest_ExtentReportV3.java:527)
	at sun.reflect.NativeMethodAccessorImpl.invoke0(Native Method)
	at sun.reflect.NativeMethodAccessorImpl.invoke(NativeMethodAccessorImpl.java:62)
	at sun.reflect.DelegatingMethodAccessorImpl.invoke(DelegatingMethodAccessorImpl.java:43)
	at java.lang.reflect.Method.invoke(Method.java:498)
	at org.testng.internal.MethodInvocationHelper.invokeMethod(MethodInvocationHelper.java:85)
	at org.testng.internal.Invoker.invokeConfigurationMethod(Invoker.java:510)
	at org.testng.internal.Invoker.invokeConfigurations(Invoker.java:211)
	at org.testng.internal.Invoker.invokeConfigurations(Invoker.java:138)
	at org.testng.TestRunner.afterRun(TestRunner.java:1027)
	at org.testng.TestRunner.run(TestRunner.java:627)
	at org.testng.SuiteRunner.runTest(SuiteRunner.java:357)
	at org.testng.SuiteRunner.runSequentially(SuiteRunner.java:352)
	at org.testng.SuiteRunner.privateRun(SuiteRunner.java:310)
	at org.testng.SuiteRunner.run(SuiteRunner.java:259)
	at org.testng.SuiteRunnerWorker.runSuite(SuiteRunnerWorker.java:52)
	at org.testng.SuiteRunnerWorker.run(SuiteRunnerWorker.java:86)
	at org.testng.TestNG.runSuitesSequentially(TestNG.java:1185)
	at org.testng.TestNG.runSuitesLocally(TestNG.java:1110)
	at org.testng.TestNG.run(TestNG.java:1018)
	at testScript.TestRunner.main(TestRunner.java:13)
</pre></div></td>
<td>0</td>
<td>null</td></tr>
</table><p>
<table width='100%' border='1' class='invocation-skipped'>
<tr><td colspan='4' align='center'><b>SKIPPED TESTS</b></td></tr>
<tr><td><b>Test method</b></td>
<td width="30%"><b>Exception</b></td>
<td width="10%"><b>Time (seconds)</b></td>
<td><b>Instance</b></td>
</tr>
<tr>
<td title='testScript.NewTest_ExtentReportV3.ListFilesUtilOperation()'><b>ListFilesUtilOperation</b><br>Test class: testScript.NewTest_ExtentReportV3</td>
<td></td>
<td>0</td>
<td>testScript.NewTest_ExtentReportV3@5d3411d</td></tr>
<tr>
<td title='testScript.NewTest_ExtentReportV3.TestToFail()'><b>TestToFail</b><br>Test class: testScript.NewTest_ExtentReportV3</td>
<td></td>
<td>0</td>
<td>testScript.NewTest_ExtentReportV3@5d3411d</td></tr>
<tr>
<td title='testScript.NewTest_ExtentReportV3.TestToPass()'><b>TestToPass</b><br>Test class: testScript.NewTest_ExtentReportV3</td>
<td></td>
<td>0</td>
<td>testScript.NewTest_ExtentReportV3@5d3411d</td></tr>
<tr>
<td title='testScript.NewTest_ExtentReportV3.TestToSkip()'><b>TestToSkip</b><br>Test class: testScript.NewTest_ExtentReportV3</td>
<td></td>
<td>0</td>
<td>testScript.NewTest_ExtentReportV3@5d3411d</td></tr>
<tr>
<td title='testScript.NewTest_ExtentReportV3.brokenLinks()'><b>brokenLinks</b><br>Test class: testScript.NewTest_ExtentReportV3</td>
<td></td>
<td>0</td>
<td>testScript.NewTest_ExtentReportV3@5d3411d</td></tr>
<tr>
<td title='testScript.NewTest_ExtentReportV3.captureScreenshot()'><b>captureScreenshot</b><br>Test class: testScript.NewTest_ExtentReportV3</td>
<td></td>
<td>0</td>
<td>testScript.NewTest_ExtentReportV3@5d3411d</td></tr>
<tr>
<td title='testScript.NewTest_ExtentReportV3.testEasy()'><b>testEasy</b><br>Test class: testScript.NewTest_ExtentReportV3</td>
<td></td>
<td>0</td>
<td>testScript.NewTest_ExtentReportV3@5d3411d</td></tr>
</table><p>
</body>
</html>