<?xml version="1.0" encoding="UTF-8"?>
<!-- Generated by org.testng.reporters.JUnitXMLReporter -->
<testsuite hostname="WKWIN4193427" name="Command line test" tests="7" failures="0" timestamp="3 Apr 2019 18:31:37 GMT" time="0.044" errors="0">
  <testcase name="@BeforeTest beforeTest" time="0.0" classname="testScript.NewTest_ExtentReportV3">
    <failure type="org.testng.TestNGException" message="
Parameter &amp;apos;browser&amp;apos; is required by @Configuration on method beforeTest but has not been marked @Optional or defined
">
      <![CDATA[org.testng.TestNGException: 
Parameter 'browser' is required by @Configuration on method beforeTest but has not been marked @Optional or defined

	at testScript.TestRunner.main(TestRunner.java:13)
... Removed 16 stack frames]]>
    </failure>
  </testcase> <!-- @BeforeTest beforeTest -->
  <testcase name="@AfterMethod getResult" time="0.0" classname="testScript.NewTest_ExtentReportV3">
    <failure type="java.lang.NullPointerException">
      <![CDATA[java.lang.NullPointerException
	at testScript.NewTest_ExtentReportV3.getResult(NewTest_ExtentReportV3.java:492)
	at testScript.TestRunner.main(TestRunner.java:13)
... Removed 23 stack frames]]>
    </failure>
  </testcase> <!-- @AfterMethod getResult -->
  <testcase name="@AfterMethod getResult" time="0.0" classname="testScript.NewTest_ExtentReportV3">
    <failure type="java.lang.NullPointerException">
      <![CDATA[java.lang.NullPointerException
	at testScript.NewTest_ExtentReportV3.getResult(NewTest_ExtentReportV3.java:492)
	at testScript.TestRunner.main(TestRunner.java:13)
... Removed 23 stack frames]]>
    </failure>
  </testcase> <!-- @AfterMethod getResult -->
  <testcase name="@AfterMethod getResult" time="0.0" classname="testScript.NewTest_ExtentReportV3">
    <failure type="java.lang.NullPointerException">
      <![CDATA[java.lang.NullPointerException
	at testScript.NewTest_ExtentReportV3.getResult(NewTest_ExtentReportV3.java:492)
	at testScript.TestRunner.main(TestRunner.java:13)
... Removed 23 stack frames]]>
    </failure>
  </testcase> <!-- @AfterMethod getResult -->
  <testcase name="@AfterMethod getResult" time="0.0" classname="testScript.NewTest_ExtentReportV3">
    <failure type="java.lang.NullPointerException">
      <![CDATA[java.lang.NullPointerException
	at testScript.NewTest_ExtentReportV3.getResult(NewTest_ExtentReportV3.java:492)
	at testScript.TestRunner.main(TestRunner.java:13)
... Removed 23 stack frames]]>
    </failure>
  </testcase> <!-- @AfterMethod getResult -->
  <testcase name="@AfterMethod getResult" time="0.0" classname="testScript.NewTest_ExtentReportV3">
    <failure type="java.lang.NullPointerException">
      <![CDATA[java.lang.NullPointerException
	at testScript.NewTest_ExtentReportV3.getResult(NewTest_ExtentReportV3.java:492)
	at testScript.TestRunner.main(TestRunner.java:13)
... Removed 23 stack frames]]>
    </failure>
  </testcase> <!-- @AfterMethod getResult -->
  <testcase name="@AfterMethod getResult" time="0.0" classname="testScript.NewTest_ExtentReportV3">
    <failure type="java.lang.NullPointerException">
      <![CDATA[java.lang.NullPointerException
	at testScript.NewTest_ExtentReportV3.getResult(NewTest_ExtentReportV3.java:492)
	at testScript.TestRunner.main(TestRunner.java:13)
... Removed 23 stack frames]]>
    </failure>
  </testcase> <!-- @AfterMethod getResult -->
  <testcase name="@AfterMethod getResult" time="0.0" classname="testScript.NewTest_ExtentReportV3">
    <failure type="java.lang.NullPointerException">
      <![CDATA[java.lang.NullPointerException
	at testScript.NewTest_ExtentReportV3.getResult(NewTest_ExtentReportV3.java:492)
	at testScript.TestRunner.main(TestRunner.java:13)
... Removed 23 stack frames]]>
    </failure>
  </testcase> <!-- @AfterMethod getResult -->
  <testcase name="@AfterTest tearDown" time="0.0" classname="testScript.NewTest_ExtentReportV3">
    <failure type="java.lang.NullPointerException">
      <![CDATA[java.lang.NullPointerException
	at testScript.NewTest_ExtentReportV3.tearDown(NewTest_ExtentReportV3.java:527)
	at testScript.TestRunner.main(TestRunner.java:13)
... Removed 19 stack frames]]>
    </failure>
  </testcase> <!-- @AfterTest tearDown -->
  <testcase name="TestToPass" time="0.007" classname="testScript.NewTest_ExtentReportV3">
    <skipped/>
  </testcase> <!-- TestToPass -->
  <testcase name="TestToFail" time="0.0" classname="testScript.NewTest_ExtentReportV3">
    <skipped/>
  </testcase> <!-- TestToFail -->
  <testcase name="TestToSkip" time="0.0" classname="testScript.NewTest_ExtentReportV3">
    <skipped/>
  </testcase> <!-- TestToSkip -->
  <testcase name="testEasy" time="0.0" classname="testScript.NewTest_ExtentReportV3">
    <skipped/>
  </testcase> <!-- testEasy -->
  <testcase name="captureScreenshot" time="0.006" classname="testScript.NewTest_ExtentReportV3">
    <skipped/>
  </testcase> <!-- captureScreenshot -->
  <testcase name="brokenLinks" time="0.0" classname="testScript.NewTest_ExtentReportV3">
    <skipped/>
  </testcase> <!-- brokenLinks -->
  <testcase name="ListFilesUtilOperation" time="0.0" classname="testScript.NewTest_ExtentReportV3">
    <skipped/>
  </testcase> <!-- ListFilesUtilOperation -->
</testsuite> <!-- Command line test -->
